{"ts":"2026-04-16T23:49:24.192Z","method":"GET","path":"/customers","ip":"::1","body":{}}
{"ts":"2026-04-16T23:49:24.216Z","method":"GET","path":"/customers","ip":"::1","body":{}}
{"ts":"2026-04-16T23:49:30.515Z","method":"GET","path":"/customers","ip":"::1","body":{}}
{"ts":"2026-04-16T23:49:30.519Z","method":"GET","path":"/customers","ip":"::1","body":{}}
{"ts":"2026-04-16T23:49:31.640Z","method":"GET","path":"/products","ip":"::1","body":{}}
{"ts":"2026-04-16T23:49:31.654Z","method":"GET","path":"/products","ip":"::1","body":{}}
{"ts":"2026-04-16T23:49:36.743Z","method":"GET","path":"/admin/metrics","ip":"::1","body":{}}
{"ts":"2026-04-16T23:49:36.761Z","method":"GET","path":"/admin/metrics","ip":"::1","body":{}}
{"ts":"2026-04-16T23:54:15.156Z","method":"GET","path":"/customers","ip":"::ffff:127.0.0.1","body":{}}
{"ts":"2026-04-16T23:54:15.161Z","method":"GET","path":"/products","ip":"::ffff:127.0.0.1","body":{}}
{"ts":"2026-04-16T23:55:09.505Z","method":"GET","path":"/customers","ip":"::1","body":{}}
{"ts":"2026-04-16T23:55:09.511Z","method":"GET","path":"/customers","ip":"::1","body":{}}
{"ts":"2026-04-16T23:55:13.496Z","method":"GET","path":"/customers","ip":"::1","body":{}}
{"ts":"2026-04-16T23:55:13.499Z","method":"GET","path":"/customers","ip":"::1","body":{}}
{"ts":"2026-04-16T23:55:14.952Z","method":"GET","path":"/products","ip":"::1","body":{}}
{"ts":"2026-04-16T23:55:14.955Z","method":"GET","path":"/products","ip":"::1","body":{}}
{"ts":"2026-04-16T23:58:26.070Z","method":"GET","path":"/products","ip":"::1","body":{}}
{"ts":"2026-04-16T23:58:26.073Z","method":"GET","path":"/products","ip":"::1","body":{}}
{"ts":"2026-04-16T23:58:29.339Z","method":"GET","path":"/products","ip":"::1","body":{}}
{"ts":"2026-04-16T23:58:29.343Z","method":"GET","path":"/products","ip":"::1","body":{}}
{"ts":"2026-04-16T23:58:30.581Z","method":"GET","path":"/admin/logs","ip":"::1","body":{}}
{"ts":"2026-04-16T23:58:30.584Z","method":"GET","path":"/admin/logs","ip":"::1","body":{}}
{"ts":"2026-04-16T23:59:09.810Z","method":"GET","path":"/admin/logs","ip":"::1","body":{}}
{"ts":"2026-04-16T23:59:09.812Z","method":"GET","path":"/admin/logs","ip":"::1","body":{}}
{"ts":"2026-04-17T00:04:08.815Z","method":"GET","path":"/customers","ip":"::ffff:127.0.0.1","body":{}}
{"ts":"2026-04-17T00:04:08.819Z","method":"GET","path":"/orders","ip":"::ffff:127.0.0.1","body":{}}
{"ts":"2026-04-17T00:04:08.819Z","method":"GET","path":"/admin/logs","ip":"::ffff:127.0.0.1","body":{}}
{"ts":"2026-04-17T00:04:08.819Z","method":"GET","path":"/products","ip":"::ffff:127.0.0.1","body":{}}
{"ts":"2026-04-17T00:04:17.571Z","method":"GET","path":"/admin/metrics","ip":"::1","body":{}}
{"ts":"2026-04-17T00:04:17.609Z","method":"GET","path":"/admin/metrics","ip":"::1","body":{}}
{"ts":"2026-04-17T00:04:18.255Z","method":"GET","path":"/products","ip":"::1","body":{}}
{"ts":"2026-04-17T00:04:18.258Z","method":"GET","path":"/products","ip":"::1","body":{}}
{"ts":"2026-04-17T00:04:19.115Z","method":"GET","path":"/customers","ip":"::1","body":{}}
{"ts":"2026-04-17T00:04:19.119Z","method":"GET","path":"/customers","ip":"::1","body":{}}
{"ts":"2026-04-17T00:07:08.390Z","method":"GET","path":"/admin/logs","ip":"::1","body":{}}
{"ts":"2026-04-17T00:07:08.398Z","method":"GET","path":"/admin/logs","ip":"::1","body":{}}
